Started GET "/" for ::1 at 2019-06-15 08:36:48 -0400
  
PG::ConnectionBad (could not connect to server: No such file or directory
	Is the server running locally and accepting
	connections on Unix domain socket "/tmp/.s.PGSQL.5432"?
):
  
pg (1.1.4) lib/pg.rb:56:in `initialize'
pg (1.1.4) lib/pg.rb:56:in `new'
pg (1.1.4) lib/pg.rb:56:in `connect'
activerecord (5.2.3) lib/active_record/connection_adapters/postgresql_adapter.rb:692:in `connect'
activerecord (5.2.3) lib/active_record/connection_adapters/postgresql_adapter.rb:223:in `initialize'
activerecord (5.2.3) lib/active_record/connection_adapters/postgresql_adapter.rb:48:in `new'
activerecord (5.2.3) lib/active_record/connection_adapters/postgresql_adapter.rb:48:in `postgresql_connection'
activerecord (5.2.3) lib/active_record/connection_adapters/abstract/connection_pool.rb:811:in `new_connection'
activerecord (5.2.3) lib/active_record/connection_adapters/abstract/connection_pool.rb:855:in `checkout_new_connection'
activerecord (5.2.3) lib/active_record/connection_adapters/abstract/connection_pool.rb:834:in `try_to_checkout_new_connection'
activerecord (5.2.3) lib/active_record/connection_adapters/abstract/connection_pool.rb:795:in `acquire_connection'
activerecord (5.2.3) lib/active_record/connection_adapters/abstract/connection_pool.rb:523:in `checkout'
activerecord (5.2.3) lib/active_record/connection_adapters/abstract/connection_pool.rb:382:in `connection'
activerecord (5.2.3) lib/active_record/connection_adapters/abstract/connection_pool.rb:1014:in `retrieve_connection'
activerecord (5.2.3) lib/active_record/connection_handling.rb:118:in `retrieve_connection'
activerecord (5.2.3) lib/active_record/connection_handling.rb:90:in `connection'
activerecord (5.2.3) lib/active_record/migration.rb:554:in `call'
actionpack (5.2.3) lib/action_dispatch/middleware/callbacks.rb:28:in `block in call'
activesupport (5.2.3) lib/active_support/callbacks.rb:98:in `run_callbacks'
actionpack (5.2.3) lib/action_dispatch/middleware/callbacks.rb:26:in `call'
actionpack (5.2.3) lib/action_dispatch/middleware/executor.rb:14:in `call'
actionpack (5.2.3) lib/action_dispatch/middleware/debug_exceptions.rb:61:in `call'
actionpack (5.2.3) lib/action_dispatch/middleware/show_exceptions.rb:33:in `call'
railties (5.2.3) lib/rails/rack/logger.rb:38:in `call_app'
railties (5.2.3) lib/rails/rack/logger.rb:26:in `block in call'
activesupport (5.2.3) lib/active_support/tagged_logging.rb:71:in `block in tagged'
activesupport (5.2.3) lib/active_support/tagged_logging.rb:28:in `tagged'
activesupport (5.2.3) lib/active_support/tagged_logging.rb:71:in `tagged'
railties (5.2.3) lib/rails/rack/logger.rb:26:in `call'
actionpack (5.2.3) lib/action_dispatch/middleware/remote_ip.rb:81:in `call'
actionpack (5.2.3) lib/action_dispatch/middleware/request_id.rb:27:in `call'
rack (2.0.7) lib/rack/runtime.rb:22:in `call'
activesupport (5.2.3) lib/active_support/cache/strategy/local_cache_middleware.rb:29:in `call'
actionpack (5.2.3) lib/action_dispatch/middleware/executor.rb:14:in `call'
actionpack (5.2.3) lib/action_dispatch/middleware/static.rb:127:in `call'
rack (2.0.7) lib/rack/sendfile.rb:111:in `call'
railties (5.2.3) lib/rails/engine.rb:524:in `call'
puma (3.12.1) lib/puma/configuration.rb:227:in `call'
puma (3.12.1) lib/puma/server.rb:660:in `handle_request'
puma (3.12.1) lib/puma/server.rb:474:in `process_client'
puma (3.12.1) lib/puma/server.rb:334:in `block in run'
puma (3.12.1) lib/puma/thread_pool.rb:135:in `block in spawn_thread'
  [1m[35m (362.8ms)[0m  [1m[35mCREATE DATABASE "plate-map-api_development" ENCODING = 'unicode'[0m
  ↳ bin/rails:9
  [1m[35m (285.2ms)[0m  [1m[35mCREATE DATABASE "plate-map-api_test" ENCODING = 'unicode'[0m
  ↳ bin/rails:9
Started GET "/" for ::1 at 2019-06-15 08:41:04 -0400
Processing by Rails::WelcomeController#index as HTML
  Rendering /Users/mollystone/.rbenv/versions/2.6.3/lib/ruby/gems/2.6.0/gems/railties-5.2.3/lib/rails/templates/rails/welcome/index.html.erb
  Rendered /Users/mollystone/.rbenv/versions/2.6.3/lib/ruby/gems/2.6.0/gems/railties-5.2.3/lib/rails/templates/rails/welcome/index.html.erb (3.2ms)
Completed 200 OK in 12ms (Views: 7.7ms | ActiveRecord: 0.0ms)


Started GET "/plates" for ::1 at 2019-06-15 08:48:39 -0400
  
ActionController::RoutingError (No route matches [GET] "/plates"):
  
actionpack (5.2.3) lib/action_dispatch/middleware/debug_exceptions.rb:65:in `call'
actionpack (5.2.3) lib/action_dispatch/middleware/show_exceptions.rb:33:in `call'
railties (5.2.3) lib/rails/rack/logger.rb:38:in `call_app'
railties (5.2.3) lib/rails/rack/logger.rb:26:in `block in call'
activesupport (5.2.3) lib/active_support/tagged_logging.rb:71:in `block in tagged'
activesupport (5.2.3) lib/active_support/tagged_logging.rb:28:in `tagged'
activesupport (5.2.3) lib/active_support/tagged_logging.rb:71:in `tagged'
railties (5.2.3) lib/rails/rack/logger.rb:26:in `call'
actionpack (5.2.3) lib/action_dispatch/middleware/remote_ip.rb:81:in `call'
actionpack (5.2.3) lib/action_dispatch/middleware/request_id.rb:27:in `call'
rack (2.0.7) lib/rack/runtime.rb:22:in `call'
activesupport (5.2.3) lib/active_support/cache/strategy/local_cache_middleware.rb:29:in `call'
actionpack (5.2.3) lib/action_dispatch/middleware/executor.rb:14:in `call'
actionpack (5.2.3) lib/action_dispatch/middleware/static.rb:127:in `call'
rack (2.0.7) lib/rack/sendfile.rb:111:in `call'
railties (5.2.3) lib/rails/engine.rb:524:in `call'
puma (3.12.1) lib/puma/configuration.rb:227:in `call'
puma (3.12.1) lib/puma/server.rb:660:in `handle_request'
puma (3.12.1) lib/puma/server.rb:474:in `process_client'
puma (3.12.1) lib/puma/server.rb:334:in `block in run'
puma (3.12.1) lib/puma/thread_pool.rb:135:in `block in spawn_thread'
Started GET "/plates" for ::1 at 2019-06-15 08:58:41 -0400
  
SyntaxError (/Users/mollystone/dev/final_project/plate-map-api/config/routes.rb:3: syntax error, unexpected tSTRING_BEG, expecting do or '{' or '('
    get '/plates', to 'plates#index'
                      ^
/Users/mollystone/dev/final_project/plate-map-api/config/routes.rb:4: syntax error, unexpected tSTRING_BEG, expecting do or '{' or '('
    get '/plates/:id', to 'plates#show'
                          ^
/Users/mollystone/dev/final_project/plate-map-api/config/routes.rb:5: syntax error, unexpected tSTRING_BEG, expecting do or '{' or '('
    post '/plates', to 'plates#create'
                       ^
/Users/mollystone/dev/final_project/plate-map-api/config/routes.rb:6: syntax error, unexpected tSTRING_BEG, expecting do or '{' or '('
    delete 'plates/:id', to 'plates#delete'
                            ^):
  
config/routes.rb:3: syntax error, unexpected tSTRING_BEG, expecting do or '{' or '('
config/routes.rb:4: syntax error, unexpected tSTRING_BEG, expecting do or '{' or '('
config/routes.rb:5: syntax error, unexpected tSTRING_BEG, expecting do or '{' or '('
config/routes.rb:6: syntax error, unexpected tSTRING_BEG, expecting do or '{' or '('
Started GET "/favicon.ico" for ::1 at 2019-06-15 08:58:41 -0400
  
ActionController::RoutingError (No route matches [GET] "/favicon.ico"):
  
actionpack (5.2.3) lib/action_dispatch/middleware/debug_exceptions.rb:65:in `call'
actionpack (5.2.3) lib/action_dispatch/middleware/show_exceptions.rb:33:in `call'
railties (5.2.3) lib/rails/rack/logger.rb:38:in `call_app'
railties (5.2.3) lib/rails/rack/logger.rb:26:in `block in call'
activesupport (5.2.3) lib/active_support/tagged_logging.rb:71:in `block in tagged'
activesupport (5.2.3) lib/active_support/tagged_logging.rb:28:in `tagged'
activesupport (5.2.3) lib/active_support/tagged_logging.rb:71:in `tagged'
railties (5.2.3) lib/rails/rack/logger.rb:26:in `call'
actionpack (5.2.3) lib/action_dispatch/middleware/remote_ip.rb:81:in `call'
actionpack (5.2.3) lib/action_dispatch/middleware/request_id.rb:27:in `call'
rack (2.0.7) lib/rack/runtime.rb:22:in `call'
activesupport (5.2.3) lib/active_support/cache/strategy/local_cache_middleware.rb:29:in `call'
actionpack (5.2.3) lib/action_dispatch/middleware/executor.rb:14:in `call'
actionpack (5.2.3) lib/action_dispatch/middleware/static.rb:127:in `call'
rack (2.0.7) lib/rack/sendfile.rb:111:in `call'
railties (5.2.3) lib/rails/engine.rb:524:in `call'
puma (3.12.1) lib/puma/configuration.rb:227:in `call'
puma (3.12.1) lib/puma/server.rb:660:in `handle_request'
puma (3.12.1) lib/puma/server.rb:474:in `process_client'
puma (3.12.1) lib/puma/server.rb:334:in `block in run'
puma (3.12.1) lib/puma/thread_pool.rb:135:in `block in spawn_thread'
Started GET "/plates" for ::1 at 2019-06-15 08:59:52 -0400
Processing by PlatesController#index as HTML
Completed 500 Internal Server Error in 1ms (ActiveRecord: 0.0ms)


  
SyntaxError (/Users/mollystone/dev/final_project/plate-map-api/app/models/plate.rb:11: syntax error, unexpected tIDENTIFIER, expecting do or '{' or '('
... = DB.exec(SELECT * FROM plates)
...                         ^~~~~~):
  
app/models/plate.rb:11: syntax error, unexpected tIDENTIFIER, expecting do or '{' or '('
app/controllers/plates_controller.rb:4:in `index'
Started GET "/plates" for ::1 at 2019-06-15 09:00:41 -0400
Processing by PlatesController#index as HTML
Completed 200 OK in 7ms (Views: 0.2ms | ActiveRecord: 0.0ms)


Started GET "/plates" for ::1 at 2019-06-15 09:03:47 -0400
Processing by PlatesController#index as HTML
Completed 200 OK in 8ms (Views: 0.2ms | ActiveRecord: 0.0ms)


Started GET "/plates/1" for ::1 at 2019-06-15 09:03:49 -0400
Processing by PlatesController#show as HTML
  Parameters: {"id"=>"1"}
Completed 200 OK in 1ms (Views: 0.2ms | ActiveRecord: 0.0ms)


Started GET "/plates/2" for ::1 at 2019-06-15 09:03:53 -0400
Processing by PlatesController#show as HTML
  Parameters: {"id"=>"2"}
Completed 200 OK in 1ms (Views: 0.3ms | ActiveRecord: 0.0ms)


Started GET "/plates/2" for ::1 at 2019-06-15 09:05:03 -0400
Processing by PlatesController#show as HTML
  Parameters: {"id"=>"2"}
Completed 500 Internal Server Error in 9ms (ActiveRecord: 0.0ms)


  
NameError (undefined local variable or method `result' for Plate:Class
Did you mean?  results):
  
app/models/plate.rb:34:in `find'
app/controllers/plates_controller.rb:8:in `show'
Started GET "/plates/2" for ::1 at 2019-06-15 09:05:14 -0400
Processing by PlatesController#show as HTML
  Parameters: {"id"=>"2"}
Completed 200 OK in 8ms (Views: 0.1ms | ActiveRecord: 0.0ms)


Started GET "/plates/1" for ::1 at 2019-06-15 09:05:16 -0400
Processing by PlatesController#show as HTML
  Parameters: {"id"=>"1"}
Completed 200 OK in 1ms (Views: 0.1ms | ActiveRecord: 0.0ms)


Started GET "/plates" for ::1 at 2019-06-15 09:08:06 -0400
Processing by PlatesController#index as */*
  Parameters: {"name"=>"Amanda", "description"=>"I love cats, cats, cats", "image"=>"https://images.unsplash.com/photo-1518791841217-8f162f1e1131?ixlib=rb-1.2.1&ixid=eyJhcHBfaWQiOjEyMDd9&w=1000&q=80", "plate"=>{"name"=>"Amanda", "description"=>"I love cats, cats, cats", "image"=>"https://images.unsplash.com/photo-1518791841217-8f162f1e1131?ixlib=rb-1.2.1&ixid=eyJhcHBfaWQiOjEyMDd9&w=1000&q=80"}}
Completed 200 OK in 1ms (Views: 0.2ms | ActiveRecord: 0.0ms)


Started POST "/plates" for ::1 at 2019-06-15 09:08:39 -0400
Processing by PlatesController#create as */*
  Parameters: {"name"=>"Plate 4", "samples"=>12, "replicates"=>3, "dilutions"=>2, "plate"=>{"name"=>"Plate 4", "samples"=>12, "replicates"=>3, "dilutions"=>2}}
Completed 200 OK in 1ms (Views: 0.1ms | ActiveRecord: 0.0ms)


Started GET "/plates/4" for ::1 at 2019-06-15 09:08:42 -0400
Processing by PlatesController#show as HTML
  Parameters: {"id"=>"4"}
Completed 200 OK in 1ms (Views: 0.2ms | ActiveRecord: 0.0ms)


Started DELETE "/plates/4" for ::1 at 2019-06-15 09:10:26 -0400
Processing by PlatesController#delete as */*
  Parameters: {"name"=>"Plate 4", "samples"=>12, "replicates"=>3, "dilutions"=>2, "id"=>"4", "plate"=>{"name"=>"Plate 4", "samples"=>12, "replicates"=>3, "dilutions"=>2}}
Completed 200 OK in 2ms (Views: 0.1ms | ActiveRecord: 0.0ms)


Started GET "/plates/4" for ::1 at 2019-06-15 09:10:29 -0400
Processing by PlatesController#show as HTML
  Parameters: {"id"=>"4"}
Completed 200 OK in 1ms (Views: 0.1ms | ActiveRecord: 0.0ms)


Started GET "/plates/" for ::1 at 2019-06-15 09:10:34 -0400
Processing by PlatesController#index as */*
  Parameters: {"name"=>"Plate 4", "samples"=>12, "replicates"=>3, "dilutions"=>2, "plate"=>{"name"=>"Plate 4", "samples"=>12, "replicates"=>3, "dilutions"=>2}}
Completed 200 OK in 0ms (Views: 0.1ms | ActiveRecord: 0.0ms)


Started GET "/plates/4" for ::1 at 2019-06-15 09:15:00 -0400
Processing by PlatesController#show as HTML
  Parameters: {"id"=>"4"}
Completed 200 OK in 8ms (Views: 0.2ms | ActiveRecord: 0.0ms)


Started GET "/plates" for ::1 at 2019-06-15 09:15:03 -0400
Processing by PlatesController#index as HTML
Completed 200 OK in 1ms (Views: 0.2ms | ActiveRecord: 0.0ms)


